<?xml version="1.0" encoding="UTF-8"?>
<!-- Generated by org.testng.reporters.JUnitXMLReporter -->
<testsuite ignored="0" hostname="DESKTOP-IVJF0DT" failures="0" tests="4" name="Default test" time="4.423" errors="0" timestamp="2024-01-31T18:28:04 GMT-05:00">
  <testcase classname="test.UserTests" name="testPostUser" time="3.338"/>
  <testcase classname="test.UserTests" name="getUserByUsername" time="0.232"/>
  <testcase classname="test.UserTests" name="updateUser" time="0.301"/>
  <testcase classname="test.UserTests" name="deleteUser" time="0.169"/>
</testsuite> <!-- Default test -->
