<?xml version="1.0" encoding="UTF-8"?>
<!-- Generated by org.testng.reporters.JUnitXMLReporter -->
<testsuite ignored="0" hostname="DESKTOP-IVJF0DT" failures="0" tests="14" name="Test" time="8.285" errors="0" timestamp="2024-01-31T18:32:19 GMT-05:00">
  <testcase classname="test.UserTests" name="testPostUser" time="2.981"/>
  <testcase classname="test.UserTests" name="getUserByUsername" time="0.22"/>
  <testcase classname="test.UserTests" name="updateUser" time="0.315"/>
  <testcase classname="test.UserTests" name="deleteUser" time="0.146"/>
  <testcase classname="test.UserTestsFromFileProperties" name="testPostUser" time="0.165"/>
  <testcase classname="test.UserTestsFromFileProperties" name="getUserByUsername" time="0.139"/>
  <testcase classname="test.UserTestsFromFileProperties" name="updateUser" time="0.289"/>
  <testcase classname="test.UserTestsFromFileProperties" name="deleteUser" time="0.137"/>
  <testcase classname="test.DataDrivenTest" name="testPostUser" time="0.147"/>
  <testcase classname="test.DataDrivenTest" name="testPostUser" time="0.152"/>
  <testcase classname="test.DataDrivenTest" name="testPostUser" time="0.14"/>
  <testcase classname="test.DataDrivenTest" name="testDeleUserByName" time="0.151"/>
  <testcase classname="test.DataDrivenTest" name="testDeleUserByName" time="0.137"/>
  <testcase classname="test.DataDrivenTest" name="testDeleUserByName" time="0.152"/>
</testsuite> <!-- Test -->
