<?xml version="1.0" encoding="UTF-8"?>
<!-- Generated by org.testng.reporters.JUnitXMLReporter -->
<testsuite ignored="0" hostname="DESKTOP-IVJF0DT" failures="0" tests="14" name="Test" time="9.883" errors="0" timestamp="2024-01-31T22:34:56 GMT-05:00">
  <testcase classname="test.UserTests" name="testPostUser" time="3.771"/>
  <testcase classname="test.UserTests" name="getUserByUsername" time="0.283"/>
  <testcase classname="test.UserTests" name="updateUser" time="0.358"/>
  <testcase classname="test.UserTests" name="deleteUser" time="0.149"/>
  <testcase classname="test.UserTestsFromFileProperties" name="testPostUser" time="0.193"/>
  <testcase classname="test.UserTestsFromFileProperties" name="getUserByUsername" time="0.146"/>
  <testcase classname="test.UserTestsFromFileProperties" name="updateUser" time="0.314"/>
  <testcase classname="test.UserTestsFromFileProperties" name="deleteUser" time="0.155"/>
  <testcase classname="test.DataDrivenTest" name="testPostUser" time="0.147"/>
  <testcase classname="test.DataDrivenTest" name="testPostUser" time="0.163"/>
  <testcase classname="test.DataDrivenTest" name="testPostUser" time="0.15"/>
  <testcase classname="test.DataDrivenTest" name="testDeleUserByName" time="0.149"/>
  <testcase classname="test.DataDrivenTest" name="testDeleUserByName" time="0.138"/>
  <testcase classname="test.DataDrivenTest" name="testDeleUserByName" time="0.167"/>
</testsuite> <!-- Test -->
