<?xml version="1.0" encoding="UTF-8"?>
<testng-results ignored="0" total="14" passed="14" failed="0" skipped="0">
  <reporter-output>
  </reporter-output>
  <suite started-at="2024-01-31T22:34:46 GMT-05:00" name="Suite" finished-at="2024-01-31T22:34:56 GMT-05:00" duration-ms="9883">
    <groups>
    </groups>
    <test started-at="2024-01-31T22:34:46 GMT-05:00" name="Test" finished-at="2024-01-31T22:34:56 GMT-05:00" duration-ms="9883">
      <class name="test.UserTestsFromFileProperties">
        <test-method is-config="true" signature="setupData()[pri:0, instance:test.UserTestsFromFileProperties@28f2a10f]" started-at="2024-01-31T22:34:51 GMT-05:00" name="setupData" finished-at="2024-01-31T22:34:51 GMT-05:00" duration-ms="106" status="PASS">
          <reporter-output>
          </reporter-output>
        </test-method> <!-- setupData -->
        <test-method signature="testPostUser()[pri:1, instance:test.UserTestsFromFileProperties@28f2a10f]" started-at="2024-01-31T22:34:51 GMT-05:00" name="testPostUser" finished-at="2024-01-31T22:34:52 GMT-05:00" duration-ms="193" status="PASS">
          <reporter-output>
          </reporter-output>
        </test-method> <!-- testPostUser -->
        <test-method signature="getUserByUsername()[pri:2, instance:test.UserTestsFromFileProperties@28f2a10f]" started-at="2024-01-31T22:34:52 GMT-05:00" name="getUserByUsername" finished-at="2024-01-31T22:34:52 GMT-05:00" duration-ms="146" status="PASS">
          <reporter-output>
          </reporter-output>
        </test-method> <!-- getUserByUsername -->
        <test-method signature="updateUser()[pri:3, instance:test.UserTestsFromFileProperties@28f2a10f]" started-at="2024-01-31T22:34:52 GMT-05:00" name="updateUser" finished-at="2024-01-31T22:34:52 GMT-05:00" duration-ms="314" status="PASS">
          <reporter-output>
          </reporter-output>
        </test-method> <!-- updateUser -->
        <test-method signature="deleteUser()[pri:4, instance:test.UserTestsFromFileProperties@28f2a10f]" started-at="2024-01-31T22:34:52 GMT-05:00" name="deleteUser" finished-at="2024-01-31T22:34:52 GMT-05:00" duration-ms="155" status="PASS">
          <reporter-output>
          </reporter-output>
        </test-method> <!-- deleteUser -->
      </class> <!-- test.UserTestsFromFileProperties -->
      <class name="test.UserTests">
        <test-method is-config="true" signature="setupData()[pri:0, instance:test.UserTests@383bfa16]" started-at="2024-01-31T22:34:46 GMT-05:00" name="setupData" finished-at="2024-01-31T22:34:47 GMT-05:00" duration-ms="367" status="PASS">
          <reporter-output>
          </reporter-output>
        </test-method> <!-- setupData -->
        <test-method signature="testPostUser()[pri:1, instance:test.UserTests@383bfa16]" started-at="2024-01-31T22:34:47 GMT-05:00" name="testPostUser" finished-at="2024-01-31T22:34:50 GMT-05:00" duration-ms="3771" status="PASS">
          <reporter-output>
          </reporter-output>
        </test-method> <!-- testPostUser -->
        <test-method signature="getUserByUsername()[pri:2, instance:test.UserTests@383bfa16]" started-at="2024-01-31T22:34:50 GMT-05:00" name="getUserByUsername" finished-at="2024-01-31T22:34:51 GMT-05:00" duration-ms="283" status="PASS">
          <reporter-output>
          </reporter-output>
        </test-method> <!-- getUserByUsername -->
        <test-method signature="updateUser()[pri:3, instance:test.UserTests@383bfa16]" started-at="2024-01-31T22:34:51 GMT-05:00" name="updateUser" finished-at="2024-01-31T22:34:51 GMT-05:00" duration-ms="358" status="PASS">
          <reporter-output>
          </reporter-output>
        </test-method> <!-- updateUser -->
        <test-method signature="deleteUser()[pri:4, instance:test.UserTests@383bfa16]" started-at="2024-01-31T22:34:51 GMT-05:00" name="deleteUser" finished-at="2024-01-31T22:34:51 GMT-05:00" duration-ms="149" status="PASS">
          <reporter-output>
          </reporter-output>
        </test-method> <!-- deleteUser -->
      </class> <!-- test.UserTests -->
      <class name="test.DataDrivenTest">
        <test-method signature="testPostUser(java.lang.String,java.lang.String,java.lang.String,java.lang.String,java.lang.String,java.lang.String,java.lang.String)[pri:1, instance:test.DataDrivenTest@f736069]" started-at="2024-01-31T22:34:55 GMT-05:00" name="testPostUser" data-provider="Data" finished-at="2024-01-31T22:34:55 GMT-05:00" duration-ms="147" status="PASS">
          <params>
            <param index="0">
              <value>
                <![CDATA[1010]]>
              </value>
            </param>
            <param index="1">
              <value>
                <![CDATA[testuser1]]>
              </value>
            </param>
            <param index="2">
              <value>
                <![CDATA[John]]>
              </value>
            </param>
            <param index="3">
              <value>
                <![CDATA[Canedy]]>
              </value>
            </param>
            <param index="4">
              <value>
                <![CDATA[a@gmail.com]]>
              </value>
            </param>
            <param index="5">
              <value>
                <![CDATA[test@1]]>
              </value>
            </param>
            <param index="6">
              <value>
                <![CDATA[1234567897]]>
              </value>
            </param>
          </params>
          <reporter-output>
          </reporter-output>
        </test-method> <!-- testPostUser -->
        <test-method signature="testPostUser(java.lang.String,java.lang.String,java.lang.String,java.lang.String,java.lang.String,java.lang.String,java.lang.String)[pri:1, instance:test.DataDrivenTest@f736069]" started-at="2024-01-31T22:34:55 GMT-05:00" name="testPostUser" data-provider="Data" finished-at="2024-01-31T22:34:55 GMT-05:00" duration-ms="163" status="PASS">
          <params>
            <param index="0">
              <value>
                <![CDATA[1020]]>
              </value>
            </param>
            <param index="1">
              <value>
                <![CDATA[testuser2]]>
              </value>
            </param>
            <param index="2">
              <value>
                <![CDATA[Kim]]>
              </value>
            </param>
            <param index="3">
              <value>
                <![CDATA[Kom]]>
              </value>
            </param>
            <param index="4">
              <value>
                <![CDATA[b@gmail.com]]>
              </value>
            </param>
            <param index="5">
              <value>
                <![CDATA[test@2]]>
              </value>
            </param>
            <param index="6">
              <value>
                <![CDATA[1234567897]]>
              </value>
            </param>
          </params>
          <reporter-output>
          </reporter-output>
        </test-method> <!-- testPostUser -->
        <test-method signature="testPostUser(java.lang.String,java.lang.String,java.lang.String,java.lang.String,java.lang.String,java.lang.String,java.lang.String)[pri:1, instance:test.DataDrivenTest@f736069]" started-at="2024-01-31T22:34:55 GMT-05:00" name="testPostUser" data-provider="Data" finished-at="2024-01-31T22:34:56 GMT-05:00" duration-ms="150" status="PASS">
          <params>
            <param index="0">
              <value>
                <![CDATA[1030]]>
              </value>
            </param>
            <param index="1">
              <value>
                <![CDATA[testuser3]]>
              </value>
            </param>
            <param index="2">
              <value>
                <![CDATA[Smith]]>
              </value>
            </param>
            <param index="3">
              <value>
                <![CDATA[Steve]]>
              </value>
            </param>
            <param index="4">
              <value>
                <![CDATA[c@gmail.com]]>
              </value>
            </param>
            <param index="5">
              <value>
                <![CDATA[test@3]]>
              </value>
            </param>
            <param index="6">
              <value>
                <![CDATA[1234567897]]>
              </value>
            </param>
          </params>
          <reporter-output>
          </reporter-output>
        </test-method> <!-- testPostUser -->
        <test-method signature="testDeleUserByName(java.lang.String)[pri:2, instance:test.DataDrivenTest@f736069]" started-at="2024-01-31T22:34:56 GMT-05:00" name="testDeleUserByName" data-provider="UserNames" finished-at="2024-01-31T22:34:56 GMT-05:00" duration-ms="149" status="PASS">
          <params>
            <param index="0">
              <value>
                <![CDATA[testuser1]]>
              </value>
            </param>
          </params>
          <reporter-output>
          </reporter-output>
        </test-method> <!-- testDeleUserByName -->
        <test-method signature="testDeleUserByName(java.lang.String)[pri:2, instance:test.DataDrivenTest@f736069]" started-at="2024-01-31T22:34:56 GMT-05:00" name="testDeleUserByName" data-provider="UserNames" finished-at="2024-01-31T22:34:56 GMT-05:00" duration-ms="138" status="PASS">
          <params>
            <param index="0">
              <value>
                <![CDATA[testuser2]]>
              </value>
            </param>
          </params>
          <reporter-output>
          </reporter-output>
        </test-method> <!-- testDeleUserByName -->
        <test-method signature="testDeleUserByName(java.lang.String)[pri:2, instance:test.DataDrivenTest@f736069]" started-at="2024-01-31T22:34:56 GMT-05:00" name="testDeleUserByName" data-provider="UserNames" finished-at="2024-01-31T22:34:56 GMT-05:00" duration-ms="167" status="PASS">
          <params>
            <param index="0">
              <value>
                <![CDATA[testuser3]]>
              </value>
            </param>
          </params>
          <reporter-output>
          </reporter-output>
        </test-method> <!-- testDeleUserByName -->
      </class> <!-- test.DataDrivenTest -->
    </test> <!-- Test -->
  </suite> <!-- Suite -->
</testng-results>
