<?xml version="1.0" encoding="UTF-8"?>
<testng-results ignored="0" total="14" passed="14" failed="0" skipped="0">
  <reporter-output>
  </reporter-output>
  <suite started-at="2024-01-31T18:32:10 GMT-05:00" name="Suite" finished-at="2024-01-31T18:32:19 GMT-05:00" duration-ms="8285">
    <groups>
    </groups>
    <test started-at="2024-01-31T18:32:10 GMT-05:00" name="Test" finished-at="2024-01-31T18:32:19 GMT-05:00" duration-ms="8285">
      <class name="test.UserTestsFromFileProperties">
        <test-method is-config="true" signature="setupData()[pri:0, instance:test.UserTestsFromFileProperties@485966cc]" started-at="2024-01-31T18:32:15 GMT-05:00" name="setupData" finished-at="2024-01-31T18:32:15 GMT-05:00" duration-ms="57" status="PASS">
          <reporter-output>
          </reporter-output>
        </test-method> <!-- setupData -->
        <test-method signature="testPostUser()[pri:1, instance:test.UserTestsFromFileProperties@485966cc]" started-at="2024-01-31T18:32:15 GMT-05:00" name="testPostUser" finished-at="2024-01-31T18:32:15 GMT-05:00" duration-ms="165" status="PASS">
          <reporter-output>
          </reporter-output>
        </test-method> <!-- testPostUser -->
        <test-method signature="getUserByUsername()[pri:2, instance:test.UserTestsFromFileProperties@485966cc]" started-at="2024-01-31T18:32:15 GMT-05:00" name="getUserByUsername" finished-at="2024-01-31T18:32:15 GMT-05:00" duration-ms="139" status="PASS">
          <reporter-output>
          </reporter-output>
        </test-method> <!-- getUserByUsername -->
        <test-method signature="updateUser()[pri:3, instance:test.UserTestsFromFileProperties@485966cc]" started-at="2024-01-31T18:32:15 GMT-05:00" name="updateUser" finished-at="2024-01-31T18:32:15 GMT-05:00" duration-ms="289" status="PASS">
          <reporter-output>
          </reporter-output>
        </test-method> <!-- updateUser -->
        <test-method signature="deleteUser()[pri:4, instance:test.UserTestsFromFileProperties@485966cc]" started-at="2024-01-31T18:32:15 GMT-05:00" name="deleteUser" finished-at="2024-01-31T18:32:15 GMT-05:00" duration-ms="137" status="PASS">
          <reporter-output>
          </reporter-output>
        </test-method> <!-- deleteUser -->
      </class> <!-- test.UserTestsFromFileProperties -->
      <class name="test.UserTests">
        <test-method is-config="true" signature="setupData()[pri:0, instance:test.UserTests@209da20d]" started-at="2024-01-31T18:32:10 GMT-05:00" name="setupData" finished-at="2024-01-31T18:32:11 GMT-05:00" duration-ms="571" status="PASS">
          <reporter-output>
          </reporter-output>
        </test-method> <!-- setupData -->
        <test-method signature="testPostUser()[pri:1, instance:test.UserTests@209da20d]" started-at="2024-01-31T18:32:11 GMT-05:00" name="testPostUser" finished-at="2024-01-31T18:32:14 GMT-05:00" duration-ms="2981" status="PASS">
          <reporter-output>
          </reporter-output>
        </test-method> <!-- testPostUser -->
        <test-method signature="getUserByUsername()[pri:2, instance:test.UserTests@209da20d]" started-at="2024-01-31T18:32:14 GMT-05:00" name="getUserByUsername" finished-at="2024-01-31T18:32:14 GMT-05:00" duration-ms="220" status="PASS">
          <reporter-output>
          </reporter-output>
        </test-method> <!-- getUserByUsername -->
        <test-method signature="updateUser()[pri:3, instance:test.UserTests@209da20d]" started-at="2024-01-31T18:32:14 GMT-05:00" name="updateUser" finished-at="2024-01-31T18:32:15 GMT-05:00" duration-ms="315" status="PASS">
          <reporter-output>
          </reporter-output>
        </test-method> <!-- updateUser -->
        <test-method signature="deleteUser()[pri:4, instance:test.UserTests@209da20d]" started-at="2024-01-31T18:32:15 GMT-05:00" name="deleteUser" finished-at="2024-01-31T18:32:15 GMT-05:00" duration-ms="146" status="PASS">
          <reporter-output>
          </reporter-output>
        </test-method> <!-- deleteUser -->
      </class> <!-- test.UserTests -->
      <class name="test.DataDrivenTest">
        <test-method signature="testPostUser(java.lang.String,java.lang.String,java.lang.String,java.lang.String,java.lang.String,java.lang.String,java.lang.String)[pri:1, instance:test.DataDrivenTest@1de76cc7]" started-at="2024-01-31T18:32:18 GMT-05:00" name="testPostUser" data-provider="Data" finished-at="2024-01-31T18:32:18 GMT-05:00" duration-ms="147" status="PASS">
          <params>
            <param index="0">
              <value>
                <![CDATA[1010]]>
              </value>
            </param>
            <param index="1">
              <value>
                <![CDATA[testuser1]]>
              </value>
            </param>
            <param index="2">
              <value>
                <![CDATA[John]]>
              </value>
            </param>
            <param index="3">
              <value>
                <![CDATA[Canedy]]>
              </value>
            </param>
            <param index="4">
              <value>
                <![CDATA[a@gmail.com]]>
              </value>
            </param>
            <param index="5">
              <value>
                <![CDATA[test@1]]>
              </value>
            </param>
            <param index="6">
              <value>
                <![CDATA[1234567897]]>
              </value>
            </param>
          </params>
          <reporter-output>
          </reporter-output>
        </test-method> <!-- testPostUser -->
        <test-method signature="testPostUser(java.lang.String,java.lang.String,java.lang.String,java.lang.String,java.lang.String,java.lang.String,java.lang.String)[pri:1, instance:test.DataDrivenTest@1de76cc7]" started-at="2024-01-31T18:32:18 GMT-05:00" name="testPostUser" data-provider="Data" finished-at="2024-01-31T18:32:18 GMT-05:00" duration-ms="152" status="PASS">
          <params>
            <param index="0">
              <value>
                <![CDATA[1020]]>
              </value>
            </param>
            <param index="1">
              <value>
                <![CDATA[testuser2]]>
              </value>
            </param>
            <param index="2">
              <value>
                <![CDATA[Kim]]>
              </value>
            </param>
            <param index="3">
              <value>
                <![CDATA[Kom]]>
              </value>
            </param>
            <param index="4">
              <value>
                <![CDATA[b@gmail.com]]>
              </value>
            </param>
            <param index="5">
              <value>
                <![CDATA[test@2]]>
              </value>
            </param>
            <param index="6">
              <value>
                <![CDATA[1234567897]]>
              </value>
            </param>
          </params>
          <reporter-output>
          </reporter-output>
        </test-method> <!-- testPostUser -->
        <test-method signature="testPostUser(java.lang.String,java.lang.String,java.lang.String,java.lang.String,java.lang.String,java.lang.String,java.lang.String)[pri:1, instance:test.DataDrivenTest@1de76cc7]" started-at="2024-01-31T18:32:18 GMT-05:00" name="testPostUser" data-provider="Data" finished-at="2024-01-31T18:32:18 GMT-05:00" duration-ms="140" status="PASS">
          <params>
            <param index="0">
              <value>
                <![CDATA[1030]]>
              </value>
            </param>
            <param index="1">
              <value>
                <![CDATA[testuser3]]>
              </value>
            </param>
            <param index="2">
              <value>
                <![CDATA[Smith]]>
              </value>
            </param>
            <param index="3">
              <value>
                <![CDATA[Steve]]>
              </value>
            </param>
            <param index="4">
              <value>
                <![CDATA[c@gmail.com]]>
              </value>
            </param>
            <param index="5">
              <value>
                <![CDATA[test@3]]>
              </value>
            </param>
            <param index="6">
              <value>
                <![CDATA[1234567897]]>
              </value>
            </param>
          </params>
          <reporter-output>
          </reporter-output>
        </test-method> <!-- testPostUser -->
        <test-method signature="testDeleUserByName(java.lang.String)[pri:2, instance:test.DataDrivenTest@1de76cc7]" started-at="2024-01-31T18:32:18 GMT-05:00" name="testDeleUserByName" data-provider="UserNames" finished-at="2024-01-31T18:32:18 GMT-05:00" duration-ms="151" status="PASS">
          <params>
            <param index="0">
              <value>
                <![CDATA[testuser1]]>
              </value>
            </param>
          </params>
          <reporter-output>
          </reporter-output>
        </test-method> <!-- testDeleUserByName -->
        <test-method signature="testDeleUserByName(java.lang.String)[pri:2, instance:test.DataDrivenTest@1de76cc7]" started-at="2024-01-31T18:32:18 GMT-05:00" name="testDeleUserByName" data-provider="UserNames" finished-at="2024-01-31T18:32:18 GMT-05:00" duration-ms="137" status="PASS">
          <params>
            <param index="0">
              <value>
                <![CDATA[testuser2]]>
              </value>
            </param>
          </params>
          <reporter-output>
          </reporter-output>
        </test-method> <!-- testDeleUserByName -->
        <test-method signature="testDeleUserByName(java.lang.String)[pri:2, instance:test.DataDrivenTest@1de76cc7]" started-at="2024-01-31T18:32:18 GMT-05:00" name="testDeleUserByName" data-provider="UserNames" finished-at="2024-01-31T18:32:19 GMT-05:00" duration-ms="152" status="PASS">
          <params>
            <param index="0">
              <value>
                <![CDATA[testuser3]]>
              </value>
            </param>
          </params>
          <reporter-output>
          </reporter-output>
        </test-method> <!-- testDeleUserByName -->
      </class> <!-- test.DataDrivenTest -->
    </test> <!-- Test -->
  </suite> <!-- Suite -->
</testng-results>
